2021/03/17 15:41:33 Starting BluejeansHelper ..
2021/03/17 15:41:33 created app watch channel  0xc42011a180
2021/03/18 21:15:28 Starting BluejeansHelper ..
2021/03/18 21:15:28 created app watch channel  0xc42011a180
2021/03/19 05:30:40 referrer = https://bluejeans.com/
2021/03/19 05:30:40 referrer hostname  = bluejeans.com
2021/03/19 05:30:40 Valid referrer ? =  true
2021/03/19 05:30:40 App installed?  true
2021/03/19 05:30:40 Error -  <nil>
2021/03/19 05:30:40 referrer = https://bluejeans.com/
2021/03/19 05:30:40 referrer hostname  = bluejeans.com
2021/03/19 05:30:40 Valid referrer ? =  true
2021/03/19 05:30:40 Error in launch method  <nil>
2021/03/19 05:30:40 Launching LINUX app...
2021/03/19 06:40:23 Starting BluejeansHelper ..
2021/03/19 06:40:24 created app watch channel  0xc420108180
2021/03/20 16:33:35 Starting BluejeansHelper ..
2021/03/20 16:33:36 created app watch channel  0xc420108180
2021/03/20 18:32:25 Starting BluejeansHelper ..
2021/03/20 18:32:27 created app watch channel  0xc4200fa180
